<?xml version="1.0" encoding="UTF-8"?>
<!-- Generated by org.testng.reporters.JUnitReportReporter -->
<testsuite hostname="DESKTOP-RG6HM4D" failures="0" tests="6" name="org.example.AppTest" time="0.830" errors="0" timestamp="2023-04-21T10:27:09 IST" skipped="0">
  <testcase classname="org.example.AppTest" name="dropdown3" time="0.173"/>
  <system-out/>
  <testcase classname="org.example.AppTest" name="dropdown1" time="0.160"/>
  <system-out/>
  <testcase classname="org.example.AppTest" name="checkbox1" time="0.098"/>
  <system-out/>
  <testcase classname="org.example.AppTest" name="checkbox2" time="0.083"/>
  <system-out/>
  <testcase classname="org.example.AppTest" name="radioButton" time="0.182"/>
  <system-out/>
  <testcase classname="org.example.AppTest" name="dropdown2" time="0.134"/>
  <system-out/>
</testsuite> <!-- org.example.AppTest -->
